2022/12/21 17:56:28 [notice] 1#1: using the "epoll" event method
2022/12/21 17:56:28 [notice] 1#1: nginx/1.23.3
2022/12/21 17:56:28 [notice] 1#1: built by gcc 12.2.1 20220924 (Alpine 12.2.1_git20220924-r4) 
2022/12/21 17:56:28 [notice] 1#1: OS: Linux 5.10.0-19-amd64
2022/12/21 17:56:28 [notice] 1#1: getrlimit(RLIMIT_NOFILE): 1048576:1048576
2022/12/21 17:56:28 [notice] 1#1: start worker processes
2022/12/21 17:56:28 [notice] 1#1: start worker process 21
2022/12/21 17:56:28 [notice] 1#1: start worker process 22
2022/12/21 17:56:34 [error] 21#21: *1 FastCGI sent in stderr: "Primary script unknown" while reading response header from upstream, client: 80.234.33.23, server: _, request: "GET / HTTP/1.1", upstream: "fastcgi://172.21.0.2:9000", host: "51.250.90.228"
2022/12/21 17:57:57 [error] 22#22: *4 FastCGI sent in stderr: "Primary script unknown" while reading response header from upstream, client: 172.21.0.1, server: _, request: "GET / HTTP/1.1", upstream: "fastcgi://172.21.0.2:9000", host: "127.0.0.1"
2022/12/21 17:59:38 [notice] 1#1: signal 3 (SIGQUIT) received, shutting down
2022/12/21 17:59:38 [notice] 21#21: gracefully shutting down
2022/12/21 17:59:38 [notice] 21#21: exiting
2022/12/21 17:59:38 [notice] 21#21: exit
2022/12/21 17:59:38 [notice] 22#22: gracefully shutting down
2022/12/21 17:59:38 [notice] 22#22: exiting
2022/12/21 17:59:38 [notice] 22#22: exit
2022/12/21 17:59:38 [notice] 1#1: signal 17 (SIGCHLD) received from 21
2022/12/21 17:59:38 [notice] 1#1: worker process 21 exited with code 0
2022/12/21 17:59:38 [notice] 1#1: worker process 22 exited with code 0
2022/12/21 17:59:38 [notice] 1#1: exit
2022/12/21 17:59:47 [notice] 1#1: using the "epoll" event method
2022/12/21 17:59:47 [notice] 1#1: nginx/1.23.3
2022/12/21 17:59:47 [notice] 1#1: built by gcc 12.2.1 20220924 (Alpine 12.2.1_git20220924-r4) 
2022/12/21 17:59:47 [notice] 1#1: OS: Linux 5.10.0-19-amd64
2022/12/21 17:59:47 [notice] 1#1: getrlimit(RLIMIT_NOFILE): 1048576:1048576
2022/12/21 17:59:47 [notice] 1#1: start worker processes
2022/12/21 17:59:47 [notice] 1#1: start worker process 20
2022/12/21 17:59:47 [notice] 1#1: start worker process 21
2022/12/21 17:59:50 [error] 20#20: *1 FastCGI sent in stderr: "Primary script unknown" while reading response header from upstream, client: 172.22.0.1, server: _, request: "GET / HTTP/1.1", upstream: "fastcgi://172.22.0.2:9000", host: "127.0.0.1"
2022/12/21 18:00:15 [error] 21#21: *4 FastCGI sent in stderr: "Primary script unknown" while reading response header from upstream, client: 80.234.33.23, server: _, request: "GET / HTTP/1.1", upstream: "fastcgi://172.22.0.2:9000", host: "51.250.90.228"
2022/12/21 18:05:03 [notice] 1#1: signal 3 (SIGQUIT) received, shutting down
2022/12/21 18:05:03 [notice] 21#21: gracefully shutting down
2022/12/21 18:05:03 [notice] 20#20: gracefully shutting down
2022/12/21 18:05:03 [notice] 21#21: exiting
2022/12/21 18:05:03 [notice] 20#20: exiting
2022/12/21 18:05:03 [notice] 21#21: exit
2022/12/21 18:05:03 [notice] 20#20: exit
2022/12/21 18:05:04 [notice] 1#1: signal 17 (SIGCHLD) received from 21
2022/12/21 18:05:04 [notice] 1#1: worker process 20 exited with code 0
2022/12/21 18:05:04 [notice] 1#1: worker process 21 exited with code 0
2022/12/21 18:05:04 [notice] 1#1: exit
2022/12/21 18:05:05 [notice] 1#1: using the "epoll" event method
2022/12/21 18:05:05 [notice] 1#1: nginx/1.23.3
2022/12/21 18:05:05 [notice] 1#1: built by gcc 12.2.1 20220924 (Alpine 12.2.1_git20220924-r4) 
2022/12/21 18:05:05 [notice] 1#1: OS: Linux 5.10.0-19-amd64
2022/12/21 18:05:05 [notice] 1#1: getrlimit(RLIMIT_NOFILE): 1048576:1048576
2022/12/21 18:05:05 [notice] 1#1: start worker processes
2022/12/21 18:05:05 [notice] 1#1: start worker process 21
2022/12/21 18:05:05 [notice] 1#1: start worker process 22
2022/12/21 18:19:08 [notice] 1#1: signal 3 (SIGQUIT) received, shutting down
2022/12/21 18:19:08 [notice] 21#21: gracefully shutting down
2022/12/21 18:19:08 [notice] 22#22: gracefully shutting down
2022/12/21 18:19:08 [notice] 21#21: exiting
2022/12/21 18:19:08 [notice] 22#22: exiting
2022/12/21 18:19:08 [notice] 21#21: exit
2022/12/21 18:19:08 [notice] 22#22: exit
2022/12/21 18:19:08 [notice] 1#1: signal 17 (SIGCHLD) received from 21
2022/12/21 18:19:08 [notice] 1#1: worker process 21 exited with code 0
2022/12/21 18:19:08 [notice] 1#1: worker process 22 exited with code 0
2022/12/21 18:19:08 [notice] 1#1: exit
2022/12/21 18:19:10 [notice] 1#1: using the "epoll" event method
2022/12/21 18:19:10 [notice] 1#1: nginx/1.23.3
2022/12/21 18:19:10 [notice] 1#1: built by gcc 12.2.1 20220924 (Alpine 12.2.1_git20220924-r4) 
2022/12/21 18:19:10 [notice] 1#1: OS: Linux 5.10.0-19-amd64
2022/12/21 18:19:10 [notice] 1#1: getrlimit(RLIMIT_NOFILE): 1048576:1048576
2022/12/21 18:19:10 [notice] 1#1: start worker processes
2022/12/21 18:19:10 [notice] 1#1: start worker process 21
2022/12/21 18:19:10 [notice] 1#1: start worker process 22
2022/12/21 18:19:49 [error] 22#22: *11 open() "/var/www/favicon.ico" failed (2: No such file or directory), client: 162.142.125.9, server: _, request: "GET /favicon.ico HTTP/1.1", host: "51.250.90.228"
2022/12/21 18:22:27 [notice] 1#1: signal 3 (SIGQUIT) received, shutting down
2022/12/21 18:22:27 [notice] 21#21: gracefully shutting down
2022/12/21 18:22:27 [notice] 21#21: exiting
2022/12/21 18:22:27 [notice] 21#21: exit
2022/12/21 18:22:27 [notice] 22#22: gracefully shutting down
2022/12/21 18:22:27 [notice] 22#22: exiting
2022/12/21 18:22:27 [notice] 22#22: exit
2022/12/21 18:22:27 [notice] 1#1: signal 17 (SIGCHLD) received from 21
2022/12/21 18:22:27 [notice] 1#1: worker process 21 exited with code 0
2022/12/21 18:22:27 [notice] 1#1: worker process 22 exited with code 0
2022/12/21 18:22:27 [notice] 1#1: exit
2022/12/21 18:22:28 [notice] 1#1: using the "epoll" event method
2022/12/21 18:22:28 [notice] 1#1: nginx/1.23.3
2022/12/21 18:22:28 [notice] 1#1: built by gcc 12.2.1 20220924 (Alpine 12.2.1_git20220924-r4) 
2022/12/21 18:22:28 [notice] 1#1: OS: Linux 5.10.0-19-amd64
2022/12/21 18:22:28 [notice] 1#1: getrlimit(RLIMIT_NOFILE): 1048576:1048576
2022/12/21 18:22:28 [notice] 1#1: start worker processes
2022/12/21 18:22:28 [notice] 1#1: start worker process 21
2022/12/21 18:22:28 [notice] 1#1: start worker process 22
2022/12/21 18:23:33 [notice] 1#1: signal 3 (SIGQUIT) received, shutting down
2022/12/21 18:23:33 [notice] 21#21: gracefully shutting down
2022/12/21 18:23:33 [notice] 22#22: gracefully shutting down
2022/12/21 18:23:33 [notice] 22#22: exiting
2022/12/21 18:23:33 [notice] 22#22: exit
2022/12/21 18:23:33 [notice] 1#1: signal 17 (SIGCHLD) received from 22
2022/12/21 18:23:33 [notice] 1#1: worker process 22 exited with code 0
2022/12/21 18:23:33 [notice] 1#1: signal 29 (SIGIO) received
2022/12/21 18:23:37 [notice] 21#21: exiting
2022/12/21 18:23:37 [notice] 21#21: exit
2022/12/21 18:23:37 [notice] 1#1: signal 17 (SIGCHLD) received from 21
2022/12/21 18:23:37 [notice] 1#1: worker process 21 exited with code 0
2022/12/21 18:23:37 [notice] 1#1: exit
2022/12/21 18:23:38 [notice] 1#1: using the "epoll" event method
2022/12/21 18:23:38 [notice] 1#1: nginx/1.23.3
2022/12/21 18:23:38 [notice] 1#1: built by gcc 12.2.1 20220924 (Alpine 12.2.1_git20220924-r4) 
2022/12/21 18:23:38 [notice] 1#1: OS: Linux 5.10.0-19-amd64
2022/12/21 18:23:38 [notice] 1#1: getrlimit(RLIMIT_NOFILE): 1048576:1048576
2022/12/21 18:23:38 [notice] 1#1: start worker processes
2022/12/21 18:23:38 [notice] 1#1: start worker process 20
2022/12/21 18:23:38 [notice] 1#1: start worker process 21
2022/12/21 18:24:31 [notice] 1#1: signal 3 (SIGQUIT) received, shutting down
2022/12/21 18:24:31 [notice] 21#21: gracefully shutting down
2022/12/21 18:24:31 [notice] 21#21: exiting
2022/12/21 18:24:31 [notice] 21#21: exit
2022/12/21 18:24:31 [notice] 20#20: gracefully shutting down
2022/12/21 18:24:31 [notice] 1#1: signal 17 (SIGCHLD) received from 21
2022/12/21 18:24:31 [notice] 1#1: worker process 21 exited with code 0
2022/12/21 18:24:31 [notice] 1#1: signal 29 (SIGIO) received
2022/12/21 18:24:42 [notice] 1#1: using the "epoll" event method
2022/12/21 18:24:42 [notice] 1#1: nginx/1.23.3
2022/12/21 18:24:42 [notice] 1#1: built by gcc 12.2.1 20220924 (Alpine 12.2.1_git20220924-r4) 
2022/12/21 18:24:42 [notice] 1#1: OS: Linux 5.10.0-19-amd64
2022/12/21 18:24:42 [notice] 1#1: getrlimit(RLIMIT_NOFILE): 1048576:1048576
2022/12/21 18:24:42 [notice] 1#1: start worker processes
2022/12/21 18:24:42 [notice] 1#1: start worker process 21
2022/12/21 18:24:42 [notice] 1#1: start worker process 22
